app/build/intermediates/manifest_merge_blame_file/debug/processDebugMainManifest/manifest-merger-blame-debug-report.txt
1<?xml version="1.0" encoding="utf-8"?>
2<manifest xmlns:android="http://schemas.android.com/apk/res/android"
3    package="com.nezhahq.agent"
4    android:versionCode="1"
5    android:versionName="1.0" >
6
7    <uses-sdk
8        android:minSdkVersion="24"
9        android:targetSdkVersion="34" />
10
11    <!-- 网络访问 -->
12    <uses-permission android:name="android.permission.INTERNET" />
12-->src\main\AndroidManifest.xml:6:5-67
12-->src\main\AndroidManifest.xml:6:22-64
13    <uses-permission android:name="android.permission.ACCESS_NETWORK_STATE" />
13-->src\main\AndroidManifest.xml:7:5-79
13-->src\main\AndroidManifest.xml:7:22-76
14    <uses-permission android:name="android.permission.ACCESS_WIFI_STATE" />
14-->src\main\AndroidManifest.xml:8:5-76
14-->src\main\AndroidManifest.xml:8:22-73
15
16    <!-- 前台服务保活：WakeLock 防止 CPU 睡眠，REQUEST_IGNORE_BATTERY_OPTIMIZATIONS 申请豁免 Doze -->
17    <uses-permission android:name="android.permission.FOREGROUND_SERVICE" />
17-->src\main\AndroidManifest.xml:11:5-77
17-->src\main\AndroidManifest.xml:11:22-74
18    <!-- Android 14+ 专用前台服务类型权限（需与 startForeground 中传入的类型一致） -->
19    <uses-permission android:name="android.permission.FOREGROUND_SERVICE_DATA_SYNC" />
19-->src\main\AndroidManifest.xml:13:5-87
19-->src\main\AndroidManifest.xml:13:22-84
20    <uses-permission android:name="android.permission.FOREGROUND_SERVICE_SPECIAL_USE" />
20-->src\main\AndroidManifest.xml:14:5-89
20-->src\main\AndroidManifest.xml:14:22-86
21    <uses-permission android:name="android.permission.WAKE_LOCK" />
21-->src\main\AndroidManifest.xml:15:5-68
21-->src\main\AndroidManifest.xml:15:22-65
22    <uses-permission android:name="android.permission.REQUEST_IGNORE_BATTERY_OPTIMIZATIONS" />
22-->src\main\AndroidManifest.xml:16:5-95
22-->src\main\AndroidManifest.xml:16:22-92
23
24    <!-- Android 13 (API 33)+ 通知权限：不申请则前台服务通知不显示，保活优先级下降 -->
25    <uses-permission android:name="android.permission.POST_NOTIFICATIONS" />
25-->src\main\AndroidManifest.xml:19:5-77
25-->src\main\AndroidManifest.xml:19:22-74
26
27    <!-- 悬浮窗保活权限 -->
28    <uses-permission android:name="android.permission.SYSTEM_ALERT_WINDOW" />
28-->src\main\AndroidManifest.xml:22:5-78
28-->src\main\AndroidManifest.xml:22:22-75
29
30    <!-- 开机自启权限 -->
31    <uses-permission android:name="android.permission.RECEIVE_BOOT_COMPLETED" />
31-->src\main\AndroidManifest.xml:25:5-81
31-->src\main\AndroidManifest.xml:25:22-78
32
33    <!-- 硬件/系统信息读取 -->
34    <uses-permission android:name="android.permission.BATTERY_STATS" />
34-->src\main\AndroidManifest.xml:28:5-107
34-->src\main\AndroidManifest.xml:28:22-69
35    <uses-permission android:name="android.permission.PACKAGE_USAGE_STATS" />
35-->src\main\AndroidManifest.xml:29:5-113
35-->src\main\AndroidManifest.xml:29:22-75
36
37    <permission
37-->[androidx.core:core:1.12.0] AndroidManifest.xml:22:5-24:47
38        android:name="com.nezhahq.agent.DYNAMIC_RECEIVER_NOT_EXPORTED_PERMISSION"
38-->[androidx.core:core:1.12.0] AndroidManifest.xml:23:9-81
39        android:protectionLevel="signature" />
39-->[androidx.core:core:1.12.0] AndroidManifest.xml:24:9-44
40
41    <uses-permission android:name="com.nezhahq.agent.DYNAMIC_RECEIVER_NOT_EXPORTED_PERMISSION" />
41-->[androidx.core:core:1.12.0] AndroidManifest.xml:26:5-97
41-->[androidx.core:core:1.12.0] AndroidManifest.xml:26:22-94
42    <uses-permission android:name="moe.shizuku.manager.permission.API_V23" />
42-->[dev.rikka.shizuku:provider:13.1.5] AndroidManifest.xml:8:5-78
42-->[dev.rikka.shizuku:provider:13.1.5] AndroidManifest.xml:8:22-75
43
44    <application
44-->src\main\AndroidManifest.xml:31:5-115:19
45        android:allowBackup="true"
45-->src\main\AndroidManifest.xml:32:9-35
46        android:appComponentFactory="androidx.core.app.CoreComponentFactory"
46-->[androidx.core:core:1.12.0] AndroidManifest.xml:28:18-86
47        android:debuggable="true"
48        android:extractNativeLibs="false"
49        android:label="@string/app_name"
49-->src\main\AndroidManifest.xml:33:9-41
50        android:networkSecurityConfig="@xml/network_security_config"
50-->src\main\AndroidManifest.xml:36:9-69
51        android:supportsRtl="true"
51-->src\main\AndroidManifest.xml:34:9-35
52        android:theme="@style/Theme.NezhaAgent" >
52-->src\main\AndroidManifest.xml:35:9-48
53        <activity
53-->src\main\AndroidManifest.xml:39:9-47:20
54            android:name="com.nezhahq.agent.MainActivity"
54-->src\main\AndroidManifest.xml:40:13-41
55            android:exported="true"
55-->src\main\AndroidManifest.xml:41:13-36
56            android:theme="@style/Theme.NezhaAgent" >
56-->src\main\AndroidManifest.xml:42:13-52
57            <intent-filter>
57-->src\main\AndroidManifest.xml:43:13-46:29
58                <action android:name="android.intent.action.MAIN" />
58-->src\main\AndroidManifest.xml:44:17-69
58-->src\main\AndroidManifest.xml:44:25-66
59
60                <category android:name="android.intent.category.LAUNCHER" />
60-->src\main\AndroidManifest.xml:45:17-77
60-->src\main\AndroidManifest.xml:45:27-74
61            </intent-filter>
62        </activity>
63
64        <!--
65            前台服务：声明 dataSync|specialUse 两种类型，
66            代码中根据 API 级别在运行时选择使用哪种类型：
67              - API 10~33: FOREGROUND_SERVICE_TYPE_DATA_SYNC
68              - API 34+  : FOREGROUND_SERVICE_TYPE_SPECIAL_USE（保活更稳定）
69        -->
70        <service
70-->src\main\AndroidManifest.xml:55:9-67:19
71            android:name="com.nezhahq.agent.service.AgentService"
71-->src\main\AndroidManifest.xml:56:13-49
72            android:enabled="true"
72-->src\main\AndroidManifest.xml:57:13-35
73            android:exported="false"
73-->src\main\AndroidManifest.xml:58:13-37
74            android:foregroundServiceType="dataSync|specialUse" >
74-->src\main\AndroidManifest.xml:59:13-64
75
76            <!--
77                Android 14 (API 34)+ 要求为 specialUse 类型的前台服务提供用途说明。
78                此属性用于 Google Play 审核和系统日志，描述该服务的实际功能。
79            -->
80            <property
80-->src\main\AndroidManifest.xml:64:13-66:101
81                android:name="android.app.PROPERTY_SPECIAL_USE_FGS_SUBTYPE"
81-->src\main\AndroidManifest.xml:65:17-76
82                android:value="哪吒探针系统监控服务：持续采集设备 CPU、内存、网络等运行指标，并通过 gRPC 上报至哪吒监控面板，实现设备实时运行状态监控。" />
82-->src\main\AndroidManifest.xml:66:17-98
83        </service>
84
85        <!--
86            Shizuku ContentProvider：用于从 Shizuku 应用获取 Binder，
87            实现 ADB 级别权限的 Shell 执行能力。
88            - exported="true"：Shizuku 框架要求必须对外公开
89            - INTERACT_ACROSS_USERS_FULL 权限保护：防止普通 App 访问
90            - multiprocess="false"：单进程模式，确保 Binder 一致性
91        -->
92        <provider
93            android:name="rikka.shizuku.ShizukuProvider"
93-->src\main\AndroidManifest.xml:77:13-57
94            android:authorities="com.nezhahq.agent.shizuku"
94-->src\main\AndroidManifest.xml:78:13-59
95            android:enabled="true"
95-->src\main\AndroidManifest.xml:80:13-35
96            android:exported="true"
96-->src\main\AndroidManifest.xml:81:13-36
97            android:multiprocess="false"
97-->src\main\AndroidManifest.xml:79:13-41
98            android:permission="android.permission.INTERACT_ACROSS_USERS_FULL" />
98-->src\main\AndroidManifest.xml:82:13-79
99
100        <!--
101            开机自启接收器。
102            - android:exported="false"：防止第三方 App 伪造广播触发服务。
103            - BOOT_COMPLETED 被列入 Android 8.0+ 隐式广播豁免名单，可正常接收。
104            - MY_PACKAGE_REPLACED 在应用更新后触发，自动恢复探针运行。
105        -->
106        <receiver
106-->src\main\AndroidManifest.xml:90:9-97:20
107            android:name="com.nezhahq.agent.BootReceiver"
107-->src\main\AndroidManifest.xml:91:13-41
108            android:exported="false" >
108-->src\main\AndroidManifest.xml:92:13-37
109            <intent-filter>
109-->src\main\AndroidManifest.xml:93:13-96:29
110                <action android:name="android.intent.action.BOOT_COMPLETED" />
110-->src\main\AndroidManifest.xml:94:17-79
110-->src\main\AndroidManifest.xml:94:25-76
111                <action android:name="android.intent.action.MY_PACKAGE_REPLACED" />
111-->src\main\AndroidManifest.xml:95:17-84
111-->src\main\AndroidManifest.xml:95:25-81
112            </intent-filter>
113        </receiver>
114
115<!--             无障碍保活服务：提高进程优先级，防止系统杀后台 -->
116        <service
116-->src\main\AndroidManifest.xml:102:9-113:19
117            android:name="com.nezhahq.agent.service.KeepAliveAccessibilityService"
117-->src\main\AndroidManifest.xml:103:13-66
118            android:exported="true"
118-->src\main\AndroidManifest.xml:106:13-36
119            android:label="@string/app_name"
119-->src\main\AndroidManifest.xml:104:13-45
120            android:permission="android.permission.BIND_ACCESSIBILITY_SERVICE" >
120-->src\main\AndroidManifest.xml:105:13-79
121            <intent-filter>
121-->src\main\AndroidManifest.xml:107:13-109:29
122                <action android:name="android.accessibilityservice.AccessibilityService" />
122-->src\main\AndroidManifest.xml:108:17-92
122-->src\main\AndroidManifest.xml:108:25-89
123            </intent-filter>
124
125            <meta-data
125-->src\main\AndroidManifest.xml:110:13-112:72
126                android:name="android.accessibilityservice"
126-->src\main\AndroidManifest.xml:111:17-60
127                android:resource="@xml/accessibility_service_config" />
127-->src\main\AndroidManifest.xml:112:17-69
128        </service>
129
130        <activity
130-->[androidx.compose.ui:ui-tooling-android:1.6.1] AndroidManifest.xml:23:9-25:39
131            android:name="androidx.compose.ui.tooling.PreviewActivity"
131-->[androidx.compose.ui:ui-tooling-android:1.6.1] AndroidManifest.xml:24:13-71
132            android:exported="true" />
132-->[androidx.compose.ui:ui-tooling-android:1.6.1] AndroidManifest.xml:25:13-36
133
134        <provider
134-->[androidx.emoji2:emoji2:1.3.0] AndroidManifest.xml:24:9-32:20
135            android:name="androidx.startup.InitializationProvider"
135-->[androidx.emoji2:emoji2:1.3.0] AndroidManifest.xml:25:13-67
136            android:authorities="com.nezhahq.agent.androidx-startup"
136-->[androidx.emoji2:emoji2:1.3.0] AndroidManifest.xml:26:13-68
137            android:exported="false" >
137-->[androidx.emoji2:emoji2:1.3.0] AndroidManifest.xml:27:13-37
138            <meta-data
138-->[androidx.emoji2:emoji2:1.3.0] AndroidManifest.xml:29:13-31:52
139                android:name="androidx.emoji2.text.EmojiCompatInitializer"
139-->[androidx.emoji2:emoji2:1.3.0] AndroidManifest.xml:30:17-75
140                android:value="androidx.startup" />
140-->[androidx.emoji2:emoji2:1.3.0] AndroidManifest.xml:31:17-49
141            <meta-data
141-->[androidx.lifecycle:lifecycle-process:2.7.0] AndroidManifest.xml:29:13-31:52
142                android:name="androidx.lifecycle.ProcessLifecycleInitializer"
142-->[androidx.lifecycle:lifecycle-process:2.7.0] AndroidManifest.xml:30:17-78
143                android:value="androidx.startup" />
143-->[androidx.lifecycle:lifecycle-process:2.7.0] AndroidManifest.xml:31:17-49
144            <meta-data
144-->[androidx.profileinstaller:profileinstaller:1.3.0] AndroidManifest.xml:29:13-31:52
145                android:name="androidx.profileinstaller.ProfileInstallerInitializer"
145-->[androidx.profileinstaller:profileinstaller:1.3.0] AndroidManifest.xml:30:17-85
146                android:value="androidx.startup" />
146-->[androidx.profileinstaller:profileinstaller:1.3.0] AndroidManifest.xml:31:17-49
147        </provider>
148
149        <activity
149-->[androidx.compose.ui:ui-test-manifest:1.6.1] AndroidManifest.xml:23:9-25:39
150            android:name="androidx.activity.ComponentActivity"
150-->[androidx.compose.ui:ui-test-manifest:1.6.1] AndroidManifest.xml:24:13-63
151            android:exported="true" />
151-->[androidx.compose.ui:ui-test-manifest:1.6.1] AndroidManifest.xml:25:13-36
152
153        <meta-data
153-->[dev.rikka.shizuku:provider:13.1.5] AndroidManifest.xml:11:9-13:36
154            android:name="moe.shizuku.client.V3_SUPPORT"
154-->[dev.rikka.shizuku:provider:13.1.5] AndroidManifest.xml:12:13-57
155            android:value="true" />
155-->[dev.rikka.shizuku:provider:13.1.5] AndroidManifest.xml:13:13-33
156
157        <receiver
157-->[androidx.profileinstaller:profileinstaller:1.3.0] AndroidManifest.xml:34:9-52:20
158            android:name="androidx.profileinstaller.ProfileInstallReceiver"
158-->[androidx.profileinstaller:profileinstaller:1.3.0] AndroidManifest.xml:35:13-76
159            android:directBootAware="false"
159-->[androidx.profileinstaller:profileinstaller:1.3.0] AndroidManifest.xml:36:13-44
160            android:enabled="true"
160-->[androidx.profileinstaller:profileinstaller:1.3.0] AndroidManifest.xml:37:13-35
161            android:exported="true"
161-->[androidx.profileinstaller:profileinstaller:1.3.0] AndroidManifest.xml:38:13-36
162            android:permission="android.permission.DUMP" >
162-->[androidx.profileinstaller:profileinstaller:1.3.0] AndroidManifest.xml:39:13-57
163            <intent-filter>
163-->[androidx.profileinstaller:profileinstaller:1.3.0] AndroidManifest.xml:40:13-42:29
164                <action android:name="androidx.profileinstaller.action.INSTALL_PROFILE" />
164-->[androidx.profileinstaller:profileinstaller:1.3.0] AndroidManifest.xml:41:17-91
164-->[androidx.profileinstaller:profileinstaller:1.3.0] AndroidManifest.xml:41:25-88
165            </intent-filter>
166            <intent-filter>
166-->[androidx.profileinstaller:profileinstaller:1.3.0] AndroidManifest.xml:43:13-45:29
167                <action android:name="androidx.profileinstaller.action.SKIP_FILE" />
167-->[androidx.profileinstaller:profileinstaller:1.3.0] AndroidManifest.xml:44:17-85
167-->[androidx.profileinstaller:profileinstaller:1.3.0] AndroidManifest.xml:44:25-82
168            </intent-filter>
169            <intent-filter>
169-->[androidx.profileinstaller:profileinstaller:1.3.0] AndroidManifest.xml:46:13-48:29
170                <action android:name="androidx.profileinstaller.action.SAVE_PROFILE" />
170-->[androidx.profileinstaller:profileinstaller:1.3.0] AndroidManifest.xml:47:17-88
170-->[androidx.profileinstaller:profileinstaller:1.3.0] AndroidManifest.xml:47:25-85
171            </intent-filter>
172            <intent-filter>
172-->[androidx.profileinstaller:profileinstaller:1.3.0] AndroidManifest.xml:49:13-51:29
173                <action android:name="androidx.profileinstaller.action.BENCHMARK_OPERATION" />
173-->[androidx.profileinstaller:profileinstaller:1.3.0] AndroidManifest.xml:50:17-95
173-->[androidx.profileinstaller:profileinstaller:1.3.0] AndroidManifest.xml:50:25-92
174            </intent-filter>
175        </receiver>
176    </application>
177
178</manifest>